<?xml version="1.0" encoding="UTF-8"?>
<!-- Generated by org.testng.reporters.JUnitReportReporter -->
<testsuite hostname="DESKTOP-4QAJST1" failures="0" tests="1" name="APTEnterprise.UIAutomation.ZZZ" time="14.651" errors="0" timestamp="2022-08-07T10:39:23 IST" skipped="0">
  <testcase classname="APTEnterprise.UIAutomation.ZZZ" name="genericFunctionsTest" time="14.651"/>
  <system-out/>
</testsuite> <!-- APTEnterprise.UIAutomation.ZZZ -->
